[0724/205427.004:ERROR:process_reader_win.cc(123)] NtOpenThread: {Access Denied} A process has requested access to an object, but has not been granted those access rights. (0xc0000022)
[0724/205427.005:ERROR:exception_snapshot_win.cc(98)] thread ID 8552 not found in process
[0724/205427.083:ERROR:process_reader_win.cc(123)] NtOpenThread: {Access Denied} A process has requested access to an object, but has not been granted those access rights. (0xc0000022)
[0724/205427.083:ERROR:exception_snapshot_win.cc(98)] thread ID 3256 not found in process
[0724/205458.550:ERROR:process_reader_win.cc(123)] NtOpenThread: {Access Denied} A process has requested access to an object, but has not been granted those access rights. (0xc0000022)
[0724/205458.552:ERROR:exception_snapshot_win.cc(98)] thread ID 8812 not found in process
[0724/205458.657:ERROR:process_reader_win.cc(123)] NtOpenThread: {Access Denied} A process has requested access to an object, but has not been granted those access rights. (0xc0000022)
[0724/205458.657:ERROR:exception_snapshot_win.cc(98)] thread ID 7460 not found in process
[0726/205231.911:ERROR:process_reader_win.cc(123)] NtOpenThread: {Access Denied} A process has requested access to an object, but has not been granted those access rights. (0xc0000022)
[0726/205231.913:ERROR:exception_snapshot_win.cc(98)] thread ID 7704 not found in process
[0726/205231.924:ERROR:process_reader_win.cc(123)] NtOpenThread: {Access Denied} A process has requested access to an object, but has not been granted those access rights. (0xc0000022)
[0726/205231.924:ERROR:exception_snapshot_win.cc(98)] thread ID 4152 not found in process
[0726/205247.109:ERROR:process_reader_win.cc(123)] NtOpenThread: {Access Denied} A process has requested access to an object, but has not been granted those access rights. (0xc0000022)
[0726/205247.109:ERROR:exception_snapshot_win.cc(98)] thread ID 6884 not found in process
[0726/205247.145:ERROR:process_reader_win.cc(123)] NtOpenThread: {Access Denied} A process has requested access to an object, but has not been granted those access rights. (0xc0000022)
[0726/205247.145:ERROR:exception_snapshot_win.cc(98)] thread ID 7288 not found in process
[0726/205426.968:ERROR:process_reader_win.cc(123)] NtOpenThread: {Access Denied} A process has requested access to an object, but has not been granted those access rights. (0xc0000022)
[0726/205426.970:ERROR:exception_snapshot_win.cc(98)] thread ID 7612 not found in process
[0726/205426.989:ERROR:process_reader_win.cc(123)] NtOpenThread: {Access Denied} A process has requested access to an object, but has not been granted those access rights. (0xc0000022)
[0726/205426.989:ERROR:exception_snapshot_win.cc(98)] thread ID 11100 not found in process
[0726/205603.127:ERROR:process_reader_win.cc(123)] NtOpenThread: {Access Denied} A process has requested access to an object, but has not been granted those access rights. (0xc0000022)
[0726/205603.128:ERROR:exception_snapshot_win.cc(98)] thread ID 2516 not found in process
[0726/205603.155:ERROR:process_reader_win.cc(123)] NtOpenThread: {Access Denied} A process has requested access to an object, but has not been granted those access rights. (0xc0000022)
[0726/205603.155:ERROR:exception_snapshot_win.cc(98)] thread ID 19128 not found in process
[0726/205603.176:ERROR:process_reader_win.cc(123)] NtOpenThread: {Access Denied} A process has requested access to an object, but has not been granted those access rights. (0xc0000022)
[0726/205603.176:ERROR:exception_snapshot_win.cc(98)] thread ID 16396 not found in process
[0726/210047.108:ERROR:process_reader_win.cc(123)] NtOpenThread: {Access Denied} A process has requested access to an object, but has not been granted those access rights. (0xc0000022)
[0726/210047.108:ERROR:exception_snapshot_win.cc(98)] thread ID 9836 not found in process
[0726/210047.144:ERROR:process_reader_win.cc(123)] NtOpenThread: {Access Denied} A process has requested access to an object, but has not been granted those access rights. (0xc0000022)
[0726/210047.144:ERROR:exception_snapshot_win.cc(98)] thread ID 10192 not found in process
[0726/210635.976:ERROR:process_reader_win.cc(123)] NtOpenThread: {Access Denied} A process has requested access to an object, but has not been granted those access rights. (0xc0000022)
[0726/210635.977:ERROR:exception_snapshot_win.cc(98)] thread ID 9812 not found in process
[0726/210635.985:ERROR:process_reader_win.cc(123)] NtOpenThread: {Access Denied} A process has requested access to an object, but has not been granted those access rights. (0xc0000022)
[0726/210635.986:ERROR:exception_snapshot_win.cc(98)] thread ID 13172 not found in process
[0726/210636.038:ERROR:process_reader_win.cc(123)] NtOpenThread: {Access Denied} A process has requested access to an object, but has not been granted those access rights. (0xc0000022)
[0726/210636.038:ERROR:exception_snapshot_win.cc(98)] thread ID 19016 not found in process
[0726/210838.226:ERROR:process_reader_win.cc(123)] NtOpenThread: {Access Denied} A process has requested access to an object, but has not been granted those access rights. (0xc0000022)
[0726/210838.227:ERROR:exception_snapshot_win.cc(98)] thread ID 12860 not found in process
[0726/210838.235:ERROR:process_reader_win.cc(123)] NtOpenThread: {Access Denied} A process has requested access to an object, but has not been granted those access rights. (0xc0000022)
[0726/210838.236:ERROR:exception_snapshot_win.cc(98)] thread ID 17168 not found in process
[0726/210838.242:ERROR:process_reader_win.cc(123)] NtOpenThread: {Access Denied} A process has requested access to an object, but has not been granted those access rights. (0xc0000022)
[0726/210838.242:ERROR:exception_snapshot_win.cc(98)] thread ID 12128 not found in process
[0726/210838.250:ERROR:process_reader_win.cc(123)] NtOpenThread: {Access Denied} A process has requested access to an object, but has not been granted those access rights. (0xc0000022)
[0726/210838.250:ERROR:exception_snapshot_win.cc(98)] thread ID 16664 not found in process
[0726/210838.252:ERROR:process_reader_win.cc(123)] NtOpenThread: {Access Denied} A process has requested access to an object, but has not been granted those access rights. (0xc0000022)
[0726/210838.252:ERROR:exception_snapshot_win.cc(98)] thread ID 14116 not found in process
[0726/211049.625:ERROR:process_reader_win.cc(123)] NtOpenThread: {Access Denied} A process has requested access to an object, but has not been granted those access rights. (0xc0000022)
[0726/211049.626:ERROR:exception_snapshot_win.cc(98)] thread ID 976 not found in process
[0726/211049.633:ERROR:process_reader_win.cc(123)] NtOpenThread: {Access Denied} A process has requested access to an object, but has not been granted those access rights. (0xc0000022)
[0726/211049.633:ERROR:exception_snapshot_win.cc(98)] thread ID 1488 not found in process
[0726/211049.648:ERROR:process_reader_win.cc(123)] NtOpenThread: {Access Denied} A process has requested access to an object, but has not been granted those access rights. (0xc0000022)
[0726/211049.648:ERROR:exception_snapshot_win.cc(98)] thread ID 14484 not found in process
[0726/211112.463:ERROR:process_reader_win.cc(123)] NtOpenThread: {Access Denied} A process has requested access to an object, but has not been granted those access rights. (0xc0000022)
[0726/211112.463:ERROR:process_reader_win.cc(123)] NtOpenThread: {Access Denied} A process has requested access to an object, but has not been granted those access rights. (0xc0000022)
[0726/211112.464:ERROR:exception_snapshot_win.cc(98)] thread ID 8184 not found in process
[0726/213841.087:ERROR:process_reader_win.cc(123)] NtOpenThread: {Access Denied} A process has requested access to an object, but has not been granted those access rights. (0xc0000022)
[0726/213841.088:ERROR:exception_snapshot_win.cc(98)] thread ID 11180 not found in process
[0726/213841.100:ERROR:process_reader_win.cc(123)] NtOpenThread: {Access Denied} A process has requested access to an object, but has not been granted those access rights. (0xc0000022)
[0726/213841.101:ERROR:exception_snapshot_win.cc(98)] thread ID 12296 not found in process
[0726/213841.109:ERROR:process_reader_win.cc(123)] NtOpenThread: {Access Denied} A process has requested access to an object, but has not been granted those access rights. (0xc0000022)
[0726/213841.109:ERROR:exception_snapshot_win.cc(98)] thread ID 8824 not found in process
[0726/213841.117:ERROR:process_reader_win.cc(123)] NtOpenThread: {Access Denied} A process has requested access to an object, but has not been granted those access rights. (0xc0000022)
[0726/213841.117:ERROR:exception_snapshot_win.cc(98)] thread ID 8340 not found in process
[0727/213612.098:ERROR:process_reader_win.cc(123)] NtOpenThread: {Access Denied} A process has requested access to an object, but has not been granted those access rights. (0xc0000022)
[0727/213612.100:ERROR:exception_snapshot_win.cc(98)] thread ID 16376 not found in process
[0727/213612.126:ERROR:process_reader_win.cc(123)] NtOpenThread: {Access Denied} A process has requested access to an object, but has not been granted those access rights. (0xc0000022)
[0727/213612.127:ERROR:exception_snapshot_win.cc(98)] thread ID 18748 not found in process
[0727/214715.789:ERROR:process_reader_win.cc(123)] NtOpenThread: {Access Denied} A process has requested access to an object, but has not been granted those access rights. (0xc0000022)
[0727/214715.790:ERROR:exception_snapshot_win.cc(98)] thread ID 9392 not found in process
[0727/214715.791:ERROR:process_reader_win.cc(123)] NtOpenThread: {Access Denied} A process has requested access to an object, but has not been granted those access rights. (0xc0000022)
[0727/214715.791:ERROR:exception_snapshot_win.cc(98)] thread ID 5524 not found in process
[0727/214802.523:ERROR:process_reader_win.cc(123)] NtOpenThread: {Access Denied} A process has requested access to an object, but has not been granted those access rights. (0xc0000022)
[0727/214802.524:ERROR:exception_snapshot_win.cc(98)] thread ID 8504 not found in process
[0727/214802.533:ERROR:process_reader_win.cc(123)] NtOpenThread: {Access Denied} A process has requested access to an object, but has not been granted those access rights. (0xc0000022)
[0727/214802.533:ERROR:exception_snapshot_win.cc(98)] thread ID 2272 not found in process
[0727/214824.009:ERROR:process_reader_win.cc(123)] NtOpenThread: {Access Denied} A process has requested access to an object, but has not been granted those access rights. (0xc0000022)
[0727/214824.010:ERROR:exception_snapshot_win.cc(98)] thread ID 19232 not found in process
[0727/214824.017:ERROR:process_reader_win.cc(123)] NtOpenThread: {Access Denied} A process has requested access to an object, but has not been granted those access rights. (0xc0000022)
[0727/214824.017:ERROR:exception_snapshot_win.cc(98)] thread ID 17652 not found in process
[0727/214824.039:ERROR:process_info.cc(329)] VirtualQueryEx: Access is denied. (0x5)
[0727/214824.039:ERROR:process_info.cc(556)] ReadMemoryInfo failed
[0727/214824.039:ERROR:process_memory_win.cc(39)] Failed to initialize ProcessInfo.
[0727/214824.040:ERROR:scoped_process_suspend.cc(40)] NtResumeProcess: An attempt was made to access an exiting process. (0xc000010a)
[0727/214850.939:ERROR:process_reader_win.cc(123)] NtOpenThread: {Access Denied} A process has requested access to an object, but has not been granted those access rights. (0xc0000022)
[0727/214850.940:ERROR:exception_snapshot_win.cc(98)] thread ID 16032 not found in process
[0727/214850.984:ERROR:process_reader_win.cc(123)] NtOpenThread: {Access Denied} A process has requested access to an object, but has not been granted those access rights. (0xc0000022)
[0727/214850.984:ERROR:exception_snapshot_win.cc(98)] thread ID 15440 not found in process
[0727/215005.268:ERROR:process_reader_win.cc(123)] NtOpenThread: {Access Denied} A process has requested access to an object, but has not been granted those access rights. (0xc0000022)
[0727/215005.268:ERROR:exception_snapshot_win.cc(98)] thread ID 4876 not found in process
[0727/215005.287:ERROR:process_reader_win.cc(123)] NtOpenThread: {Access Denied} A process has requested access to an object, but has not been granted those access rights. (0xc0000022)
[0727/215005.287:ERROR:exception_snapshot_win.cc(98)] thread ID 16536 not found in process
[0727/215005.315:ERROR:process_reader_win.cc(123)] NtOpenThread: {Access Denied} A process has requested access to an object, but has not been granted those access rights. (0xc0000022)
[0727/215005.315:ERROR:exception_snapshot_win.cc(98)] thread ID 18152 not found in process
[0727/215027.328:ERROR:process_reader_win.cc(123)] NtOpenThread: {Access Denied} A process has requested access to an object, but has not been granted those access rights. (0xc0000022)
[0727/215027.329:ERROR:exception_snapshot_win.cc(98)] thread ID 4592 not found in process
[0727/215027.336:ERROR:process_reader_win.cc(123)] NtOpenThread: {Access Denied} A process has requested access to an object, but has not been granted those access rights. (0xc0000022)
[0727/215027.336:ERROR:exception_snapshot_win.cc(98)] thread ID 14912 not found in process
[0727/215027.349:ERROR:process_info.cc(329)] VirtualQueryEx: Access is denied. (0x5)
[0727/215027.349:ERROR:process_info.cc(556)] ReadMemoryInfo failed
[0727/215027.349:ERROR:process_memory_win.cc(39)] Failed to initialize ProcessInfo.
[0727/215027.349:ERROR:scoped_process_suspend.cc(40)] NtResumeProcess: An attempt was made to access an exiting process. (0xc000010a)
[0727/215059.165:ERROR:process_reader_win.cc(123)] NtOpenThread: {Access Denied} A process has requested access to an object, but has not been granted those access rights. (0xc0000022)
[0727/215059.166:ERROR:exception_snapshot_win.cc(98)] thread ID 7040 not found in process
[0727/215059.209:ERROR:process_reader_win.cc(123)] NtOpenThread: {Access Denied} A process has requested access to an object, but has not been granted those access rights. (0xc0000022)
[0727/215059.209:ERROR:exception_snapshot_win.cc(98)] thread ID 18716 not found in process
[0728/211055.709:ERROR:process_reader_win.cc(123)] NtOpenThread: {Access Denied} A process has requested access to an object, but has not been granted those access rights. (0xc0000022)
[0728/211055.712:ERROR:exception_snapshot_win.cc(98)] thread ID 14760 not found in process
[0728/211055.738:ERROR:process_reader_win.cc(123)] NtOpenThread: {Access Denied} A process has requested access to an object, but has not been granted those access rights. (0xc0000022)
[0728/211055.739:ERROR:exception_snapshot_win.cc(98)] thread ID 7920 not found in process
[0728/211241.124:ERROR:process_reader_win.cc(123)] NtOpenThread: {Access Denied} A process has requested access to an object, but has not been granted those access rights. (0xc0000022)
[0728/211241.125:ERROR:exception_snapshot_win.cc(98)] thread ID 17620 not found in process
[0728/211241.127:ERROR:process_reader_win.cc(123)] NtOpenThread: {Access Denied} A process has requested access to an object, but has not been granted those access rights. (0xc0000022)
[0728/211241.127:ERROR:exception_snapshot_win.cc(98)] thread ID 11020 not found in process
[0728/211306.208:ERROR:process_reader_win.cc(123)] NtOpenThread: {Access Denied} A process has requested access to an object, but has not been granted those access rights. (0xc0000022)
[0728/211306.209:ERROR:exception_snapshot_win.cc(98)] thread ID 4508 not found in process
[0728/211306.242:ERROR:process_reader_win.cc(123)] NtOpenThread: {Access Denied} A process has requested access to an object, but has not been granted those access rights. (0xc0000022)
[0728/211306.242:ERROR:exception_snapshot_win.cc(98)] thread ID 18396 not found in process
[0728/211306.253:ERROR:process_reader_win.cc(123)] NtOpenThread: {Access Denied} A process has requested access to an object, but has not been granted those access rights. (0xc0000022)
[0728/211306.253:ERROR:exception_snapshot_win.cc(98)] thread ID 2160 not found in process
[0728/211657.864:ERROR:process_reader_win.cc(123)] NtOpenThread: {Access Denied} A process has requested access to an object, but has not been granted those access rights. (0xc0000022)
[0728/211657.865:ERROR:exception_snapshot_win.cc(98)] thread ID 16940 not found in process
[0728/211657.982:ERROR:process_reader_win.cc(123)] NtOpenThread: {Access Denied} A process has requested access to an object, but has not been granted those access rights. (0xc0000022)
[0728/211657.982:ERROR:exception_snapshot_win.cc(98)] thread ID 12436 not found in process
[0728/214322.773:ERROR:process_reader_win.cc(123)] NtOpenThread: {Access Denied} A process has requested access to an object, but has not been granted those access rights. (0xc0000022)
[0728/214322.774:ERROR:exception_snapshot_win.cc(98)] thread ID 1784 not found in process
[0728/214322.786:ERROR:process_reader_win.cc(123)] NtOpenThread: {Access Denied} A process has requested access to an object, but has not been granted those access rights. (0xc0000022)
[0728/214322.786:ERROR:exception_snapshot_win.cc(98)] thread ID 10864 not found in process
[0728/215321.578:ERROR:process_reader_win.cc(123)] NtOpenThread: {Access Denied} A process has requested access to an object, but has not been granted those access rights. (0xc0000022)
[0728/215321.579:ERROR:exception_snapshot_win.cc(98)] thread ID 18248 not found in process
[0728/215321.590:ERROR:process_reader_win.cc(123)] NtOpenThread: {Access Denied} A process has requested access to an object, but has not been granted those access rights. (0xc0000022)
[0728/215321.590:ERROR:exception_snapshot_win.cc(98)] thread ID 756 not found in process
[0730/221644.264:ERROR:process_reader_win.cc(123)] NtOpenThread: {Access Denied} A process has requested access to an object, but has not been granted those access rights. (0xc0000022)
[0730/221644.266:ERROR:exception_snapshot_win.cc(98)] thread ID 12008 not found in process
[0730/221644.284:ERROR:process_info.cc(329)] VirtualQueryEx: Access is denied. (0x5)
[0730/221644.285:ERROR:process_info.cc(556)] ReadMemoryInfo failed
[0730/221644.285:ERROR:process_memory_win.cc(39)] Failed to initialize ProcessInfo.
[0730/221644.285:ERROR:scoped_process_suspend.cc(40)] NtResumeProcess: An attempt was made to access an exiting process. (0xc000010a)
[0730/222137.795:ERROR:process_reader_win.cc(123)] NtOpenThread: {Access Denied} A process has requested access to an object, but has not been granted those access rights. (0xc0000022)
[0730/222137.796:ERROR:exception_snapshot_win.cc(98)] thread ID 3976 not found in process
[0730/222137.821:ERROR:process_reader_win.cc(123)] NtOpenThread: {Access Denied} A process has requested access to an object, but has not been granted those access rights. (0xc0000022)
[0730/222137.821:ERROR:exception_snapshot_win.cc(98)] thread ID 7732 not found in process
[0730/222248.396:ERROR:process_reader_win.cc(123)] NtOpenThread: {Access Denied} A process has requested access to an object, but has not been granted those access rights. (0xc0000022)
[0730/222248.397:ERROR:exception_snapshot_win.cc(98)] thread ID 11072 not found in process
[0730/222248.441:ERROR:process_reader_win.cc(123)] NtOpenThread: {Access Denied} A process has requested access to an object, but has not been granted those access rights. (0xc0000022)
[0730/222248.441:ERROR:exception_snapshot_win.cc(98)] thread ID 3976 not found in process
[0730/222403.406:ERROR:process_reader_win.cc(123)] NtOpenThread: {Access Denied} A process has requested access to an object, but has not been granted those access rights. (0xc0000022)
[0730/222403.407:ERROR:exception_snapshot_win.cc(98)] thread ID 17452 not found in process
[0730/222403.422:ERROR:process_reader_win.cc(123)] NtOpenThread: {Access Denied} A process has requested access to an object, but has not been granted those access rights. (0xc0000022)
[0730/222403.423:ERROR:exception_snapshot_win.cc(98)] thread ID 11652 not found in process
[0730/223446.148:ERROR:process_reader_win.cc(123)] NtOpenThread: {Access Denied} A process has requested access to an object, but has not been granted those access rights. (0xc0000022)
[0730/223446.149:ERROR:exception_snapshot_win.cc(98)] thread ID 11820 not found in process
[0730/223446.234:ERROR:process_reader_win.cc(123)] NtOpenThread: {Access Denied} A process has requested access to an object, but has not been granted those access rights. (0xc0000022)
[0730/223446.234:ERROR:exception_snapshot_win.cc(98)] thread ID 16480 not found in process
[0730/223446.324:ERROR:process_reader_win.cc(123)] NtOpenThread: {Access Denied} A process has requested access to an object, but has not been granted those access rights. (0xc0000022)
[0730/223446.325:ERROR:exception_snapshot_win.cc(98)] thread ID 8392 not found in process
[0730/223446.400:ERROR:process_reader_win.cc(123)] NtOpenThread: {Access Denied} A process has requested access to an object, but has not been granted those access rights. (0xc0000022)
[0730/223446.400:ERROR:exception_snapshot_win.cc(98)] thread ID 16688 not found in process
[0730/224435.363:ERROR:process_reader_win.cc(123)] NtOpenThread: {Access Denied} A process has requested access to an object, but has not been granted those access rights. (0xc0000022)
[0730/224435.364:ERROR:exception_snapshot_win.cc(98)] thread ID 10552 not found in process
[0730/224435.369:ERROR:process_reader_win.cc(123)] NtOpenThread: {Access Denied} A process has requested access to an object, but has not been granted those access rights. (0xc0000022)
[0730/224435.369:ERROR:exception_snapshot_win.cc(98)] thread ID 17824 not found in process
[0730/224612.265:ERROR:process_reader_win.cc(123)] NtOpenThread: {Access Denied} A process has requested access to an object, but has not been granted those access rights. (0xc0000022)
[0730/224612.266:ERROR:exception_snapshot_win.cc(98)] thread ID 9280 not found in process
[0730/224612.360:ERROR:process_reader_win.cc(123)] NtOpenThread: {Access Denied} A process has requested access to an object, but has not been granted those access rights. (0xc0000022)
[0730/224612.360:ERROR:exception_snapshot_win.cc(98)] thread ID 2716 not found in process
[0803/221914.461:ERROR:process_reader_win.cc(123)] NtOpenThread: {Access Denied} A process has requested access to an object, but has not been granted those access rights. (0xc0000022)
[0803/221914.463:ERROR:exception_snapshot_win.cc(98)] thread ID 20388 not found in process
[0803/221914.465:ERROR:process_reader_win.cc(123)] NtOpenThread: {Access Denied} A process has requested access to an object, but has not been granted those access rights. (0xc0000022)
[0803/221914.466:ERROR:exception_snapshot_win.cc(98)] thread ID 20356 not found in process
[0803/221914.484:ERROR:process_reader_win.cc(123)] NtOpenThread: {Access Denied} A process has requested access to an object, but has not been granted those access rights. (0xc0000022)
[0803/221914.485:ERROR:exception_snapshot_win.cc(98)] thread ID 20396 not found in process
[0803/221914.495:ERROR:process_reader_win.cc(123)] NtOpenThread: {Access Denied} A process has requested access to an object, but has not been granted those access rights. (0xc0000022)
[0803/221914.496:ERROR:exception_snapshot_win.cc(98)] thread ID 20368 not found in process
[0803/221914.518:ERROR:process_reader_win.cc(123)] NtOpenThread: {Access Denied} A process has requested access to an object, but has not been granted those access rights. (0xc0000022)
[0803/221914.518:ERROR:exception_snapshot_win.cc(98)] thread ID 20360 not found in process
[0803/221914.527:ERROR:process_reader_win.cc(123)] NtOpenThread: {Access Denied} A process has requested access to an object, but has not been granted those access rights. (0xc0000022)
[0803/221914.527:ERROR:exception_snapshot_win.cc(98)] thread ID 20376 not found in process
[0803/221914.532:ERROR:process_reader_win.cc(123)] NtOpenThread: {Access Denied} A process has requested access to an object, but has not been granted those access rights. (0xc0000022)
[0803/221914.532:ERROR:exception_snapshot_win.cc(98)] thread ID 20408 not found in process
[0803/221914.535:ERROR:process_reader_win.cc(123)] NtOpenThread: {Access Denied} A process has requested access to an object, but has not been granted those access rights. (0xc0000022)
[0803/221914.536:ERROR:exception_snapshot_win.cc(98)] thread ID 20392 not found in process
[0804/205521.447:ERROR:process_reader_win.cc(123)] NtOpenThread: {Access Denied} A process has requested access to an object, but has not been granted those access rights. (0xc0000022)
[0804/205521.449:ERROR:exception_snapshot_win.cc(98)] thread ID 9416 not found in process
[0804/205521.455:ERROR:process_reader_win.cc(123)] NtOpenThread: {Access Denied} A process has requested access to an object, but has not been granted those access rights. (0xc0000022)
[0804/205521.455:ERROR:exception_snapshot_win.cc(98)] thread ID 10932 not found in process
[0804/213328.339:ERROR:process_reader_win.cc(123)] NtOpenThread: {Access Denied} A process has requested access to an object, but has not been granted those access rights. (0xc0000022)
[0804/213328.339:ERROR:exception_snapshot_win.cc(98)] thread ID 6072 not found in process
[0804/213328.349:ERROR:process_reader_win.cc(123)] NtOpenThread: {Access Denied} A process has requested access to an object, but has not been granted those access rights. (0xc0000022)
[0804/213328.349:ERROR:exception_snapshot_win.cc(98)] thread ID 12964 not found in process
[0804/213328.380:ERROR:process_reader_win.cc(123)] NtOpenThread: {Access Denied} A process has requested access to an object, but has not been granted those access rights. (0xc0000022)
[0804/213328.380:ERROR:exception_snapshot_win.cc(98)] thread ID 6592 not found in process
[0804/213328.391:ERROR:process_reader_win.cc(123)] NtOpenThread: {Access Denied} A process has requested access to an object, but has not been granted those access rights. (0xc0000022)
[0804/213328.391:ERROR:exception_snapshot_win.cc(98)] thread ID 3988 not found in process
